<?xml version="1.0" encoding="UTF-8"?>
<testng-results ignored="0" total="4" passed="4" failed="0" skipped="0">
  <reporter-output>
  </reporter-output>
  <suite started-at="2022-06-20T22:15:26 IST" name="Default suite" finished-at="2022-06-20T22:17:21 IST" duration-ms="115448">
    <groups>
      <group name="cucumber">
        <method signature="AbstractTestNGCucumberTests.runScenario(io.cucumber.testng.PickleWrapper,io.cucumber.testng.FeatureWrapper)[pri:0, instance:tsetRunner.runner@47987356]" name="runScenario" class="io.cucumber.testng.AbstractTestNGCucumberTests"/>
      </group> <!-- cucumber -->
    </groups>
    <test started-at="2022-06-20T22:15:26 IST" name="Default test" finished-at="2022-06-20T22:17:21 IST" duration-ms="115448">
      <class name="tsetRunner.runner">
        <test-method is-config="true" signature="setUpClass()[pri:0, instance:tsetRunner.runner@47987356]" started-at="2022-06-20T22:15:26 IST" name="setUpClass" finished-at="2022-06-20T22:15:26 IST" duration-ms="641" status="PASS">
          <reporter-output>
          </reporter-output>
        </test-method> <!-- setUpClass -->
        <test-method signature="runScenario(io.cucumber.testng.PickleWrapper,io.cucumber.testng.FeatureWrapper)[pri:0, instance:tsetRunner.runner@47987356]" started-at="2022-06-20T22:15:26 IST" name="runScenario" description="Runs Cucumber Scenarios" data-provider="scenarios" finished-at="2022-06-20T22:15:54 IST" duration-ms="27461" status="PASS">
          <params>
            <param index="0">
              <value>
                <![CDATA["Login with valid credentials"]]>
              </value>
            </param>
            <param index="1">
              <value>
                <![CDATA["Optional[Login to HRM Application]"]]>
              </value>
            </param>
          </params>
          <reporter-output>
          </reporter-output>
        </test-method> <!-- runScenario -->
        <test-method signature="runScenario(io.cucumber.testng.PickleWrapper,io.cucumber.testng.FeatureWrapper)[pri:0, instance:tsetRunner.runner@47987356]" started-at="2022-06-20T22:15:54 IST" name="runScenario" description="Runs Cucumber Scenarios" data-provider="scenarios" finished-at="2022-06-20T22:16:06 IST" duration-ms="12198" status="PASS">
          <params>
            <param index="0">
              <value>
                <![CDATA["Home page validation"]]>
              </value>
            </param>
            <param index="1">
              <value>
                <![CDATA["Optional[Login to HRM Application]"]]>
              </value>
            </param>
          </params>
          <reporter-output>
          </reporter-output>
        </test-method> <!-- runScenario -->
        <test-method signature="runScenario(io.cucumber.testng.PickleWrapper,io.cucumber.testng.FeatureWrapper)[pri:0, instance:tsetRunner.runner@47987356]" started-at="2022-06-20T22:16:06 IST" name="runScenario" description="Runs Cucumber Scenarios" data-provider="scenarios" finished-at="2022-06-20T22:17:01 IST" duration-ms="54909" status="PASS">
          <params>
            <param index="0">
              <value>
                <![CDATA["job search link on top"]]>
              </value>
            </param>
            <param index="1">
              <value>
                <![CDATA["Optional[Jobsearch link validation]"]]>
              </value>
            </param>
          </params>
          <reporter-output>
          </reporter-output>
        </test-method> <!-- runScenario -->
        <test-method signature="runScenario(io.cucumber.testng.PickleWrapper,io.cucumber.testng.FeatureWrapper)[pri:0, instance:tsetRunner.runner@47987356]" started-at="2022-06-20T22:17:01 IST" name="runScenario" description="Runs Cucumber Scenarios" data-provider="scenarios" finished-at="2022-06-20T22:17:21 IST" duration-ms="19856" status="PASS">
          <params>
            <param index="0">
              <value>
                <![CDATA["Home page validation"]]>
              </value>
            </param>
            <param index="1">
              <value>
                <![CDATA["Optional[Jobsearch link validation]"]]>
              </value>
            </param>
          </params>
          <reporter-output>
          </reporter-output>
        </test-method> <!-- runScenario -->
        <test-method is-config="true" signature="tearDownClass()[pri:0, instance:tsetRunner.runner@47987356]" started-at="2022-06-20T22:17:21 IST" name="tearDownClass" finished-at="2022-06-20T22:17:21 IST" duration-ms="86" status="PASS">
          <reporter-output>
          </reporter-output>
        </test-method> <!-- tearDownClass -->
      </class> <!-- tsetRunner.runner -->
    </test> <!-- Default test -->
  </suite> <!-- Default suite -->
</testng-results>
